GROUP,PACKAGE,CLASS,INSTRUCTION_MISSED,INSTRUCTION_COVERED,BRANCH_MISSED,BRANCH_COVERED,LINE_MISSED,LINE_COVERED,COMPLEXITY_MISSED,COMPLEXITY_COVERED,METHOD_MISSED,METHOD_COVERED
patientApi,com.mediscreen.patientApi.model,PatientMapperImpl,4,109,3,7,2,29,3,6,0,4
patientApi,com.mediscreen.patientApi.model,PatientMapper,0,5,0,0,0,1,0,1,0,1
patientApi,com.mediscreen.patientApi.service,PatientServiceImpl,32,0,0,0,5,0,4,0,4,0
patientApi,com.mediscreen.patientApi.controller,PatientController,0,90,0,2,0,11,0,7,0,6
patientApi,com.mediscreen.patientApi,PatientApiApplication,5,3,0,0,2,1,1,1,1,1
patientApi,com.mediscreen.patientApi.config,SwaggerConfig,0,15,0,0,0,6,0,2,0,2
