GROUP,PACKAGE,CLASS,INSTRUCTION_MISSED,INSTRUCTION_COVERED,BRANCH_MISSED,BRANCH_COVERED,LINE_MISSED,LINE_COVERED,COMPLEXITY_MISSED,COMPLEXITY_COVERED,METHOD_MISSED,METHOD_COVERED
patientApi,com.mediscreen.patientApi.model,PatientMapperImpl,33,80,7,3,9,22,6,3,1,3
patientApi,com.mediscreen.patientApi.model,PatientMapper,0,5,0,0,0,1,0,1,0,1
patientApi,com.mediscreen.patientApi.exception,PatientNotFoundException,4,0,0,0,2,0,1,0,1,0
patientApi,com.mediscreen.patientApi.service,PatientServiceImpl,17,15,0,0,2,3,2,2,2,2
patientApi,com.mediscreen.patientApi.controller,PatientController,83,7,2,0,9,2,5,2,4,2
patientApi,com.mediscreen.patientApi,PatientApiApplication,5,3,0,0,2,1,1,1,1,1
patientApi,com.mediscreen.patientApi.config,SwaggerConfig,0,15,0,0,0,6,0,2,0,2
